<?xml version="1.0" encoding="UTF-8"?>
<!-- Generated by org.testng.reporters.JUnitReportReporter -->
<testsuite hostname="AANR" failures="0" tests="1" name="frames.test" time="26.093" errors="0" timestamp="2024-01-28T15:31:03 IST" skipped="0">
  <testcase classname="frames.test" name="setup" time="26.093"/>
</testsuite> <!-- frames.test -->
