<?xml version="1.0" encoding="UTF-8"?>
<!-- Generated by org.testng.reporters.JUnitReportReporter -->
<testsuite hostname="AANR" failures="0" tests="1" name="frames.test" time="33.652" errors="0" timestamp="2024-01-29T14:07:50 IST" skipped="0">
  <testcase classname="frames.test" name="setup" time="33.652"/>
</testsuite> <!-- frames.test -->
